<?xml version="1.0" encoding="UTF-8"?>
<testsuite xmlns:xsi="http://www.w3.org/2001/XMLSchema-instance" xsi:noNamespaceSchemaLocation="https://maven.apache.org/surefire/maven-surefire-plugin/xsd/surefire-test-report.xsd" name="com.testing.DivisionTest" time="0.003" tests="3" errors="0" skipped="2" failures="0">
  <properties>
[...]
</properties>
  <testcase name="assumptionTest" classname="com.testing.DivisionTest" time="0">
    <skipped message="got: &lt;false&gt;, expected: is &lt;true&gt;"/>
  </testcase>
  <testcase name="disabledTest" classname="com.testing.DivisionTest" time="0">
    <skipped message="This test is ignored."/>
  </testcase>
  <testcase name="testDivide" classname="com.testing.DivisionTest" time="0"/>
</testsuite>